{"contracts\\NftMarketplace.sol":{"l":{"48":13,"49":13,"50":1,"52":12,"60":17,"61":17,"62":17,"63":3,"65":14,"69":9,"70":9,"71":3,"73":6,"92":11,"93":0,"101":11,"102":11,"103":1,"105":10,"106":10,"124":3,"125":3,"126":1,"133":2,"134":2,"135":2,"136":2,"144":1,"145":1,"153":1,"154":1,"158":2,"159":2,"160":1,"162":1,"163":1,"164":1,"165":0,"178":3,"182":2},"path":"C:\\Programmation\\BLOCKCHAIN\\FCC_Youtube_course\\hardhat-nft-marketplace\\contracts\\NftMarketplace.sol","s":{"1":13,"2":13,"3":17,"4":17,"5":17,"6":9,"7":9,"8":11,"9":11,"10":11,"11":10,"12":3,"13":3,"14":2,"15":2,"16":1,"17":1,"18":2,"19":2,"20":1,"21":1,"22":3,"23":2},"b":{"1":[1,12],"2":[3,14],"3":[3,6],"4":[12,1],"5":[11,1],"6":[0,11],"7":[1,10],"8":[3,1],"9":[3,0],"10":[1,2],"11":[2,1],"12":[1,1],"13":[2,1],"14":[1,1],"15":[1,1],"16":[0,1]},"f":{"1":13,"2":17,"3":9,"4":11,"5":3,"6":1,"7":1,"8":2,"9":3,"10":2},"fnMap":{"1":{"name":"notListed","line":47,"loc":{"start":{"line":47,"column":4},"end":{"line":53,"column":4}}},"2":{"name":"isOwner","line":55,"loc":{"start":{"line":55,"column":4},"end":{"line":66,"column":4}}},"3":{"name":"isListed","line":68,"loc":{"start":{"line":68,"column":4},"end":{"line":74,"column":4}}},"4":{"name":"listItem","line":91,"loc":{"start":{"line":87,"column":4},"end":{"line":107,"column":4}}},"5":{"name":"buyItem","line":122,"loc":{"start":{"line":117,"column":4},"end":{"line":137,"column":4}}},"6":{"name":"cancelListing","line":142,"loc":{"start":{"line":139,"column":4},"end":{"line":146,"column":4}}},"7":{"name":"updateListing","line":152,"loc":{"start":{"line":148,"column":4},"end":{"line":155,"column":4}}},"8":{"name":"withdrawProceeds","line":157,"loc":{"start":{"line":157,"column":4},"end":{"line":167,"column":4}}},"9":{"name":"getListing","line":173,"loc":{"start":{"line":173,"column":4},"end":{"line":179,"column":4}}},"10":{"name":"getProceeds","line":181,"loc":{"start":{"line":181,"column":4},"end":{"line":183,"column":4}}}},"statementMap":{"1":{"start":{"line":48,"column":8},"end":{"line":48,"column":64}},"2":{"start":{"line":49,"column":8},"end":{"line":49,"column":1615}},"3":{"start":{"line":60,"column":8},"end":{"line":60,"column":41}},"4":{"start":{"line":61,"column":8},"end":{"line":61,"column":44}},"5":{"start":{"line":62,"column":8},"end":{"line":62,"column":1956}},"6":{"start":{"line":69,"column":8},"end":{"line":69,"column":64}},"7":{"start":{"line":70,"column":8},"end":{"line":70,"column":2198}},"8":{"start":{"line":92,"column":8},"end":{"line":92,"column":2798}},"9":{"start":{"line":101,"column":8},"end":{"line":101,"column":41}},"10":{"start":{"line":102,"column":8},"end":{"line":102,"column":3246}},"11":{"start":{"line":106,"column":8},"end":{"line":106,"column":63}},"12":{"start":{"line":124,"column":8},"end":{"line":124,"column":67}},"13":{"start":{"line":125,"column":8},"end":{"line":125,"column":4142}},"14":{"start":{"line":135,"column":8},"end":{"line":135,"column":83}},"15":{"start":{"line":136,"column":8},"end":{"line":136,"column":74}},"16":{"start":{"line":145,"column":8},"end":{"line":145,"column":58}},"17":{"start":{"line":154,"column":8},"end":{"line":154,"column":66}},"18":{"start":{"line":158,"column":8},"end":{"line":158,"column":49}},"19":{"start":{"line":159,"column":8},"end":{"line":159,"column":5485}},"20":{"start":{"line":163,"column":8},"end":{"line":163,"column":72}},"21":{"start":{"line":164,"column":8},"end":{"line":164,"column":5688}},"22":{"start":{"line":178,"column":8},"end":{"line":178,"column":46}},"23":{"start":{"line":182,"column":8},"end":{"line":182,"column":33}}},"branchMap":{"1":{"line":49,"type":"if","locations":[{"start":{"line":49,"column":8},"end":{"line":49,"column":8}},{"start":{"line":49,"column":8},"end":{"line":49,"column":8}}]},"2":{"line":62,"type":"if","locations":[{"start":{"line":62,"column":8},"end":{"line":62,"column":8}},{"start":{"line":62,"column":8},"end":{"line":62,"column":8}}]},"3":{"line":70,"type":"if","locations":[{"start":{"line":70,"column":8},"end":{"line":70,"column":8}},{"start":{"line":70,"column":8},"end":{"line":70,"column":8}}]},"4":{"line":91,"type":"if","locations":[{"start":{"line":91,"column":15},"end":{"line":91,"column":15}},{"start":{"line":91,"column":15},"end":{"line":91,"column":15}}]},"5":{"line":91,"type":"if","locations":[{"start":{"line":91,"column":46},"end":{"line":91,"column":46}},{"start":{"line":91,"column":46},"end":{"line":91,"column":46}}]},"6":{"line":92,"type":"if","locations":[{"start":{"line":92,"column":8},"end":{"line":92,"column":8}},{"start":{"line":92,"column":8},"end":{"line":92,"column":8}}]},"7":{"line":102,"type":"if","locations":[{"start":{"line":102,"column":8},"end":{"line":102,"column":8}},{"start":{"line":102,"column":8},"end":{"line":102,"column":8}}]},"8":{"line":120,"type":"if","locations":[{"start":{"line":120,"column":8},"end":{"line":120,"column":8}},{"start":{"line":120,"column":8},"end":{"line":120,"column":8}}]},"9":{"line":122,"type":"if","locations":[{"start":{"line":122,"column":8},"end":{"line":122,"column":8}},{"start":{"line":122,"column":8},"end":{"line":122,"column":8}}]},"10":{"line":125,"type":"if","locations":[{"start":{"line":125,"column":8},"end":{"line":125,"column":8}},{"start":{"line":125,"column":8},"end":{"line":125,"column":8}}]},"11":{"line":141,"type":"if","locations":[{"start":{"line":141,"column":8},"end":{"line":141,"column":8}},{"start":{"line":141,"column":8},"end":{"line":141,"column":8}}]},"12":{"line":142,"type":"if","locations":[{"start":{"line":142,"column":8},"end":{"line":142,"column":8}},{"start":{"line":142,"column":8},"end":{"line":142,"column":8}}]},"13":{"line":152,"type":"if","locations":[{"start":{"line":152,"column":15},"end":{"line":152,"column":15}},{"start":{"line":152,"column":15},"end":{"line":152,"column":15}}]},"14":{"line":152,"type":"if","locations":[{"start":{"line":152,"column":45},"end":{"line":152,"column":45}},{"start":{"line":152,"column":45},"end":{"line":152,"column":45}}]},"15":{"line":159,"type":"if","locations":[{"start":{"line":159,"column":8},"end":{"line":159,"column":8}},{"start":{"line":159,"column":8},"end":{"line":159,"column":8}}]},"16":{"line":164,"type":"if","locations":[{"start":{"line":164,"column":8},"end":{"line":164,"column":8}},{"start":{"line":164,"column":8},"end":{"line":164,"column":8}}]}}},"contracts\\test\\BasicNft.sol":{"l":{"14":3,"18":15,"19":15,"20":15,"24":0,"25":0,"29":0},"path":"C:\\Programmation\\BLOCKCHAIN\\FCC_Youtube_course\\hardhat-nft-marketplace\\contracts\\test\\BasicNft.sol","s":{"1":15,"2":15,"3":0,"4":0,"5":0},"b":{"1":[0,0]},"f":{"1":3,"2":15,"3":0,"4":0},"fnMap":{"1":{"name":"constructor","line":13,"loc":{"start":{"line":13,"column":4},"end":{"line":15,"column":4}}},"2":{"name":"mintNft","line":17,"loc":{"start":{"line":17,"column":4},"end":{"line":21,"column":4}}},"3":{"name":"tokenURI","line":23,"loc":{"start":{"line":23,"column":4},"end":{"line":26,"column":4}}},"4":{"name":"getTokenCounter","line":28,"loc":{"start":{"line":28,"column":4},"end":{"line":30,"column":4}}}},"statementMap":{"1":{"start":{"line":18,"column":8},"end":{"line":18,"column":44}},"2":{"start":{"line":19,"column":8},"end":{"line":19,"column":38}},"3":{"start":{"line":24,"column":8},"end":{"line":24,"column":83}},"4":{"start":{"line":25,"column":8},"end":{"line":25,"column":24}},"5":{"start":{"line":29,"column":8},"end":{"line":29,"column":29}}},"branchMap":{"1":{"line":24,"type":"if","locations":[{"start":{"line":24,"column":8},"end":{"line":24,"column":8}},{"start":{"line":24,"column":8},"end":{"line":24,"column":8}}]}}}}